The system is: Linux - 5.5.17-200.fc31.x86_64 - x86_64
Compiling the C compiler identification source file "CMakeCCompilerId.c" succeeded.
Compiler: /usr/bin/cc 
Build flags: 
Id flags:  

The output was:
0


Compilation of the C compiler identification source "CMakeCCompilerId.c" produced "a.out"

The C compiler identification is GNU, found in "/home/ethan/Projects/f3d-img/libjpeg-turbo/build/CMakeFiles/3.17.1/CompilerIdC/a.out"

Determining if the C compiler works passed with the following output:
Change Dir: /home/ethan/Projects/f3d-img/libjpeg-turbo/build/CMakeFiles/CMakeTmp

Run Build Command(s):/usr/bin/gmake cmTC_a7bad/fast && /usr/bin/gmake  -f CMakeFiles/cmTC_a7bad.dir/build.make CMakeFiles/cmTC_a7bad.dir/build
gmake[1]: Entering directory '/home/ethan/Projects/f3d-img/libjpeg-turbo/build/CMakeFiles/CMakeTmp'
Building C object CMakeFiles/cmTC_a7bad.dir/testCCompiler.c.o
/usr/bin/cc    -o CMakeFiles/cmTC_a7bad.dir/testCCompiler.c.o   -c /home/ethan/Projects/f3d-img/libjpeg-turbo/build/CMakeFiles/CMakeTmp/testCCompiler.c
Linking C executable cmTC_a7bad
/usr/bin/cmake -E cmake_link_script CMakeFiles/cmTC_a7bad.dir/link.txt --verbose=1
/usr/bin/cc      -rdynamic CMakeFiles/cmTC_a7bad.dir/testCCompiler.c.o  -o cmTC_a7bad 
gmake[1]: Leaving directory '/home/ethan/Projects/f3d-img/libjpeg-turbo/build/CMakeFiles/CMakeTmp'



Detecting C compiler ABI info compiled with the following output:
Change Dir: /home/ethan/Projects/f3d-img/libjpeg-turbo/build/CMakeFiles/CMakeTmp

Run Build Command(s):/usr/bin/gmake cmTC_ed605/fast && /usr/bin/gmake  -f CMakeFiles/cmTC_ed605.dir/build.make CMakeFiles/cmTC_ed605.dir/build
gmake[1]: Entering directory '/home/ethan/Projects/f3d-img/libjpeg-turbo/build/CMakeFiles/CMakeTmp'
Building C object CMakeFiles/cmTC_ed605.dir/CMakeCCompilerABI.c.o
/usr/bin/cc   -v -o CMakeFiles/cmTC_ed605.dir/CMakeCCompilerABI.c.o   -c /usr/share/cmake/Modules/CMakeCCompilerABI.c
Using built-in specs.
COLLECT_GCC=/usr/bin/cc
OFFLOAD_TARGET_NAMES=nvptx-none
OFFLOAD_TARGET_DEFAULT=1
Target: x86_64-redhat-linux
Configured with: ../configure --enable-bootstrap --enable-languages=c,c++,fortran,objc,obj-c++,ada,go,d,lto --prefix=/usr --mandir=/usr/share/man --infodir=/usr/share/info --with-bugurl=http://bugzilla.redhat.com/bugzilla --enable-shared --enable-threads=posix --enable-checking=release --enable-multilib --with-system-zlib --enable-__cxa_atexit --disable-libunwind-exceptions --enable-gnu-unique-object --enable-linker-build-id --with-gcc-major-version-only --with-linker-hash-style=gnu --enable-plugin --enable-initfini-array --with-isl --enable-offload-targets=nvptx-none --without-cuda-driver --enable-gnu-indirect-function --enable-cet --with-tune=generic --with-arch_32=i686 --build=x86_64-redhat-linux
Thread model: posix
gcc version 9.3.1 20200408 (Red Hat 9.3.1-2) (GCC) 
COLLECT_GCC_OPTIONS='-v' '-o' 'CMakeFiles/cmTC_ed605.dir/CMakeCCompilerABI.c.o' '-c' '-mtune=generic' '-march=x86-64'
 /usr/libexec/gcc/x86_64-redhat-linux/9/cc1 -quiet -v /usr/share/cmake/Modules/CMakeCCompilerABI.c -quiet -dumpbase CMakeCCompilerABI.c -mtune=generic -march=x86-64 -auxbase-strip CMakeFiles/cmTC_ed605.dir/CMakeCCompilerABI.c.o -version -o /tmp/ccQwlunm.s
GNU C17 (GCC) version 9.3.1 20200408 (Red Hat 9.3.1-2) (x86_64-redhat-linux)
	compiled by GNU C version 9.3.1 20200408 (Red Hat 9.3.1-2), GMP version 6.1.2, MPFR version 3.1.6-p2, MPC version 1.1.0, isl version isl-0.16.1-GMP

GGC heuristics: --param ggc-min-expand=100 --param ggc-min-heapsize=131072
ignoring nonexistent directory "/usr/lib/gcc/x86_64-redhat-linux/9/include-fixed"
ignoring nonexistent directory "/usr/lib/gcc/x86_64-redhat-linux/9/../../../../x86_64-redhat-linux/include"
#include "..." search starts here:
#include <...> search starts here:
 /usr/lib/gcc/x86_64-redhat-linux/9/include
 /usr/local/include
 /usr/include
End of search list.
GNU C17 (GCC) version 9.3.1 20200408 (Red Hat 9.3.1-2) (x86_64-redhat-linux)
	compiled by GNU C version 9.3.1 20200408 (Red Hat 9.3.1-2), GMP version 6.1.2, MPFR version 3.1.6-p2, MPC version 1.1.0, isl version isl-0.16.1-GMP

GGC heuristics: --param ggc-min-expand=100 --param ggc-min-heapsize=131072
Compiler executable checksum: 8371c669346a98adf98ab8aafef8bac7
COLLECT_GCC_OPTIONS='-v' '-o' 'CMakeFiles/cmTC_ed605.dir/CMakeCCompilerABI.c.o' '-c' '-mtune=generic' '-march=x86-64'
 as -v --64 -o CMakeFiles/cmTC_ed605.dir/CMakeCCompilerABI.c.o /tmp/ccQwlunm.s
GNU assembler version 2.32 (x86_64-redhat-linux) using BFD version version 2.32-31.fc31
COMPILER_PATH=/usr/libexec/gcc/x86_64-redhat-linux/9/:/usr/libexec/gcc/x86_64-redhat-linux/9/:/usr/libexec/gcc/x86_64-redhat-linux/:/usr/lib/gcc/x86_64-redhat-linux/9/:/usr/lib/gcc/x86_64-redhat-linux/
LIBRARY_PATH=/usr/lib/gcc/x86_64-redhat-linux/9/:/usr/lib/gcc/x86_64-redhat-linux/9/../../../../lib64/:/lib/../lib64/:/usr/lib/../lib64/:/usr/lib/gcc/x86_64-redhat-linux/9/../../../:/lib/:/usr/lib/
COLLECT_GCC_OPTIONS='-v' '-o' 'CMakeFiles/cmTC_ed605.dir/CMakeCCompilerABI.c.o' '-c' '-mtune=generic' '-march=x86-64'
Linking C executable cmTC_ed605
/usr/bin/cmake -E cmake_link_script CMakeFiles/cmTC_ed605.dir/link.txt --verbose=1
/usr/bin/cc     -v -rdynamic CMakeFiles/cmTC_ed605.dir/CMakeCCompilerABI.c.o  -o cmTC_ed605 
Using built-in specs.
COLLECT_GCC=/usr/bin/cc
COLLECT_LTO_WRAPPER=/usr/libexec/gcc/x86_64-redhat-linux/9/lto-wrapper
OFFLOAD_TARGET_NAMES=nvptx-none
OFFLOAD_TARGET_DEFAULT=1
Target: x86_64-redhat-linux
Configured with: ../configure --enable-bootstrap --enable-languages=c,c++,fortran,objc,obj-c++,ada,go,d,lto --prefix=/usr --mandir=/usr/share/man --infodir=/usr/share/info --with-bugurl=http://bugzilla.redhat.com/bugzilla --enable-shared --enable-threads=posix --enable-checking=release --enable-multilib --with-system-zlib --enable-__cxa_atexit --disable-libunwind-exceptions --enable-gnu-unique-object --enable-linker-build-id --with-gcc-major-version-only --with-linker-hash-style=gnu --enable-plugin --enable-initfini-array --with-isl --enable-offload-targets=nvptx-none --without-cuda-driver --enable-gnu-indirect-function --enable-cet --with-tune=generic --with-arch_32=i686 --build=x86_64-redhat-linux
Thread model: posix
gcc version 9.3.1 20200408 (Red Hat 9.3.1-2) (GCC) 
COMPILER_PATH=/usr/libexec/gcc/x86_64-redhat-linux/9/:/usr/libexec/gcc/x86_64-redhat-linux/9/:/usr/libexec/gcc/x86_64-redhat-linux/:/usr/lib/gcc/x86_64-redhat-linux/9/:/usr/lib/gcc/x86_64-redhat-linux/
LIBRARY_PATH=/usr/lib/gcc/x86_64-redhat-linux/9/:/usr/lib/gcc/x86_64-redhat-linux/9/../../../../lib64/:/lib/../lib64/:/usr/lib/../lib64/:/usr/lib/gcc/x86_64-redhat-linux/9/../../../:/lib/:/usr/lib/
COLLECT_GCC_OPTIONS='-v' '-rdynamic' '-o' 'cmTC_ed605' '-mtune=generic' '-march=x86-64'
 /usr/libexec/gcc/x86_64-redhat-linux/9/collect2 -plugin /usr/libexec/gcc/x86_64-redhat-linux/9/liblto_plugin.so -plugin-opt=/usr/libexec/gcc/x86_64-redhat-linux/9/lto-wrapper -plugin-opt=-fresolution=/tmp/ccujRFOH.res -plugin-opt=-pass-through=-lgcc -plugin-opt=-pass-through=-lgcc_s -plugin-opt=-pass-through=-lc -plugin-opt=-pass-through=-lgcc -plugin-opt=-pass-through=-lgcc_s --build-id --no-add-needed --eh-frame-hdr --hash-style=gnu -m elf_x86_64 -export-dynamic -dynamic-linker /lib64/ld-linux-x86-64.so.2 -o cmTC_ed605 /usr/lib/gcc/x86_64-redhat-linux/9/../../../../lib64/crt1.o /usr/lib/gcc/x86_64-redhat-linux/9/../../../../lib64/crti.o /usr/lib/gcc/x86_64-redhat-linux/9/crtbegin.o -L/usr/lib/gcc/x86_64-redhat-linux/9 -L/usr/lib/gcc/x86_64-redhat-linux/9/../../../../lib64 -L/lib/../lib64 -L/usr/lib/../lib64 -L/usr/lib/gcc/x86_64-redhat-linux/9/../../.. CMakeFiles/cmTC_ed605.dir/CMakeCCompilerABI.c.o -lgcc --push-state --as-needed -lgcc_s --pop-state -lc -lgcc --push-state --as-needed -lgcc_s --pop-state /usr/lib/gcc/x86_64-redhat-linux/9/crtend.o /usr/lib/gcc/x86_64-redhat-linux/9/../../../../lib64/crtn.o
COLLECT_GCC_OPTIONS='-v' '-rdynamic' '-o' 'cmTC_ed605' '-mtune=generic' '-march=x86-64'
gmake[1]: Leaving directory '/home/ethan/Projects/f3d-img/libjpeg-turbo/build/CMakeFiles/CMakeTmp'



Parsed C implicit include dir info from above output: rv=done
  found start of include info
  found start of implicit include info
    add: [/usr/lib/gcc/x86_64-redhat-linux/9/include]
    add: [/usr/local/include]
    add: [/usr/include]
  end of search list found
  collapse include dir [/usr/lib/gcc/x86_64-redhat-linux/9/include] ==> [/usr/lib/gcc/x86_64-redhat-linux/9/include]
  collapse include dir [/usr/local/include] ==> [/usr/local/include]
  collapse include dir [/usr/include] ==> [/usr/include]
  implicit include dirs: [/usr/lib/gcc/x86_64-redhat-linux/9/include;/usr/local/include;/usr/include]


Parsed C implicit link information from above output:
  link line regex: [^( *|.*[/\])(ld|CMAKE_LINK_STARTFILE-NOTFOUND|([^/\]+-)?ld|collect2)[^/\]*( |$)]
  ignore line: [Change Dir: /home/ethan/Projects/f3d-img/libjpeg-turbo/build/CMakeFiles/CMakeTmp]
  ignore line: []
  ignore line: [Run Build Command(s):/usr/bin/gmake cmTC_ed605/fast && /usr/bin/gmake  -f CMakeFiles/cmTC_ed605.dir/build.make CMakeFiles/cmTC_ed605.dir/build]
  ignore line: [gmake[1]: Entering directory '/home/ethan/Projects/f3d-img/libjpeg-turbo/build/CMakeFiles/CMakeTmp']
  ignore line: [Building C object CMakeFiles/cmTC_ed605.dir/CMakeCCompilerABI.c.o]
  ignore line: [/usr/bin/cc   -v -o CMakeFiles/cmTC_ed605.dir/CMakeCCompilerABI.c.o   -c /usr/share/cmake/Modules/CMakeCCompilerABI.c]
  ignore line: [Using built-in specs.]
  ignore line: [COLLECT_GCC=/usr/bin/cc]
  ignore line: [OFFLOAD_TARGET_NAMES=nvptx-none]
  ignore line: [OFFLOAD_TARGET_DEFAULT=1]
  ignore line: [Target: x86_64-redhat-linux]
  ignore line: [Configured with: ../configure --enable-bootstrap --enable-languages=c c++ fortran objc obj-c++ ada go d lto --prefix=/usr --mandir=/usr/share/man --infodir=/usr/share/info --with-bugurl=http://bugzilla.redhat.com/bugzilla --enable-shared --enable-threads=posix --enable-checking=release --enable-multilib --with-system-zlib --enable-__cxa_atexit --disable-libunwind-exceptions --enable-gnu-unique-object --enable-linker-build-id --with-gcc-major-version-only --with-linker-hash-style=gnu --enable-plugin --enable-initfini-array --with-isl --enable-offload-targets=nvptx-none --without-cuda-driver --enable-gnu-indirect-function --enable-cet --with-tune=generic --with-arch_32=i686 --build=x86_64-redhat-linux]
  ignore line: [Thread model: posix]
  ignore line: [gcc version 9.3.1 20200408 (Red Hat 9.3.1-2) (GCC) ]
  ignore line: [COLLECT_GCC_OPTIONS='-v' '-o' 'CMakeFiles/cmTC_ed605.dir/CMakeCCompilerABI.c.o' '-c' '-mtune=generic' '-march=x86-64']
  ignore line: [ /usr/libexec/gcc/x86_64-redhat-linux/9/cc1 -quiet -v /usr/share/cmake/Modules/CMakeCCompilerABI.c -quiet -dumpbase CMakeCCompilerABI.c -mtune=generic -march=x86-64 -auxbase-strip CMakeFiles/cmTC_ed605.dir/CMakeCCompilerABI.c.o -version -o /tmp/ccQwlunm.s]
  ignore line: [GNU C17 (GCC) version 9.3.1 20200408 (Red Hat 9.3.1-2) (x86_64-redhat-linux)]
  ignore line: [	compiled by GNU C version 9.3.1 20200408 (Red Hat 9.3.1-2)  GMP version 6.1.2  MPFR version 3.1.6-p2  MPC version 1.1.0  isl version isl-0.16.1-GMP]
  ignore line: []
  ignore line: [GGC heuristics: --param ggc-min-expand=100 --param ggc-min-heapsize=131072]
  ignore line: [ignoring nonexistent directory "/usr/lib/gcc/x86_64-redhat-linux/9/include-fixed"]
  ignore line: [ignoring nonexistent directory "/usr/lib/gcc/x86_64-redhat-linux/9/../../../../x86_64-redhat-linux/include"]
  ignore line: [#include "..." search starts here:]
  ignore line: [#include <...> search starts here:]
  ignore line: [ /usr/lib/gcc/x86_64-redhat-linux/9/include]
  ignore line: [ /usr/local/include]
  ignore line: [ /usr/include]
  ignore line: [End of search list.]
  ignore line: [GNU C17 (GCC) version 9.3.1 20200408 (Red Hat 9.3.1-2) (x86_64-redhat-linux)]
  ignore line: [	compiled by GNU C version 9.3.1 20200408 (Red Hat 9.3.1-2)  GMP version 6.1.2  MPFR version 3.1.6-p2  MPC version 1.1.0  isl version isl-0.16.1-GMP]
  ignore line: []
  ignore line: [GGC heuristics: --param ggc-min-expand=100 --param ggc-min-heapsize=131072]
  ignore line: [Compiler executable checksum: 8371c669346a98adf98ab8aafef8bac7]
  ignore line: [COLLECT_GCC_OPTIONS='-v' '-o' 'CMakeFiles/cmTC_ed605.dir/CMakeCCompilerABI.c.o' '-c' '-mtune=generic' '-march=x86-64']
  ignore line: [ as -v --64 -o CMakeFiles/cmTC_ed605.dir/CMakeCCompilerABI.c.o /tmp/ccQwlunm.s]
  ignore line: [GNU assembler version 2.32 (x86_64-redhat-linux) using BFD version version 2.32-31.fc31]
  ignore line: [COMPILER_PATH=/usr/libexec/gcc/x86_64-redhat-linux/9/:/usr/libexec/gcc/x86_64-redhat-linux/9/:/usr/libexec/gcc/x86_64-redhat-linux/:/usr/lib/gcc/x86_64-redhat-linux/9/:/usr/lib/gcc/x86_64-redhat-linux/]
  ignore line: [LIBRARY_PATH=/usr/lib/gcc/x86_64-redhat-linux/9/:/usr/lib/gcc/x86_64-redhat-linux/9/../../../../lib64/:/lib/../lib64/:/usr/lib/../lib64/:/usr/lib/gcc/x86_64-redhat-linux/9/../../../:/lib/:/usr/lib/]
  ignore line: [COLLECT_GCC_OPTIONS='-v' '-o' 'CMakeFiles/cmTC_ed605.dir/CMakeCCompilerABI.c.o' '-c' '-mtune=generic' '-march=x86-64']
  ignore line: [Linking C executable cmTC_ed605]
  ignore line: [/usr/bin/cmake -E cmake_link_script CMakeFiles/cmTC_ed605.dir/link.txt --verbose=1]
  ignore line: [/usr/bin/cc     -v -rdynamic CMakeFiles/cmTC_ed605.dir/CMakeCCompilerABI.c.o  -o cmTC_ed605 ]
  ignore line: [Using built-in specs.]
  ignore line: [COLLECT_GCC=/usr/bin/cc]
  ignore line: [COLLECT_LTO_WRAPPER=/usr/libexec/gcc/x86_64-redhat-linux/9/lto-wrapper]
  ignore line: [OFFLOAD_TARGET_NAMES=nvptx-none]
  ignore line: [OFFLOAD_TARGET_DEFAULT=1]
  ignore line: [Target: x86_64-redhat-linux]
  ignore line: [Configured with: ../configure --enable-bootstrap --enable-languages=c c++ fortran objc obj-c++ ada go d lto --prefix=/usr --mandir=/usr/share/man --infodir=/usr/share/info --with-bugurl=http://bugzilla.redhat.com/bugzilla --enable-shared --enable-threads=posix --enable-checking=release --enable-multilib --with-system-zlib --enable-__cxa_atexit --disable-libunwind-exceptions --enable-gnu-unique-object --enable-linker-build-id --with-gcc-major-version-only --with-linker-hash-style=gnu --enable-plugin --enable-initfini-array --with-isl --enable-offload-targets=nvptx-none --without-cuda-driver --enable-gnu-indirect-function --enable-cet --with-tune=generic --with-arch_32=i686 --build=x86_64-redhat-linux]
  ignore line: [Thread model: posix]
  ignore line: [gcc version 9.3.1 20200408 (Red Hat 9.3.1-2) (GCC) ]
  ignore line: [COMPILER_PATH=/usr/libexec/gcc/x86_64-redhat-linux/9/:/usr/libexec/gcc/x86_64-redhat-linux/9/:/usr/libexec/gcc/x86_64-redhat-linux/:/usr/lib/gcc/x86_64-redhat-linux/9/:/usr/lib/gcc/x86_64-redhat-linux/]
  ignore line: [LIBRARY_PATH=/usr/lib/gcc/x86_64-redhat-linux/9/:/usr/lib/gcc/x86_64-redhat-linux/9/../../../../lib64/:/lib/../lib64/:/usr/lib/../lib64/:/usr/lib/gcc/x86_64-redhat-linux/9/../../../:/lib/:/usr/lib/]
  ignore line: [COLLECT_GCC_OPTIONS='-v' '-rdynamic' '-o' 'cmTC_ed605' '-mtune=generic' '-march=x86-64']
  link line: [ /usr/libexec/gcc/x86_64-redhat-linux/9/collect2 -plugin /usr/libexec/gcc/x86_64-redhat-linux/9/liblto_plugin.so -plugin-opt=/usr/libexec/gcc/x86_64-redhat-linux/9/lto-wrapper -plugin-opt=-fresolution=/tmp/ccujRFOH.res -plugin-opt=-pass-through=-lgcc -plugin-opt=-pass-through=-lgcc_s -plugin-opt=-pass-through=-lc -plugin-opt=-pass-through=-lgcc -plugin-opt=-pass-through=-lgcc_s --build-id --no-add-needed --eh-frame-hdr --hash-style=gnu -m elf_x86_64 -export-dynamic -dynamic-linker /lib64/ld-linux-x86-64.so.2 -o cmTC_ed605 /usr/lib/gcc/x86_64-redhat-linux/9/../../../../lib64/crt1.o /usr/lib/gcc/x86_64-redhat-linux/9/../../../../lib64/crti.o /usr/lib/gcc/x86_64-redhat-linux/9/crtbegin.o -L/usr/lib/gcc/x86_64-redhat-linux/9 -L/usr/lib/gcc/x86_64-redhat-linux/9/../../../../lib64 -L/lib/../lib64 -L/usr/lib/../lib64 -L/usr/lib/gcc/x86_64-redhat-linux/9/../../.. CMakeFiles/cmTC_ed605.dir/CMakeCCompilerABI.c.o -lgcc --push-state --as-needed -lgcc_s --pop-state -lc -lgcc --push-state --as-needed -lgcc_s --pop-state /usr/lib/gcc/x86_64-redhat-linux/9/crtend.o /usr/lib/gcc/x86_64-redhat-linux/9/../../../../lib64/crtn.o]
    arg [/usr/libexec/gcc/x86_64-redhat-linux/9/collect2] ==> ignore
    arg [-plugin] ==> ignore
    arg [/usr/libexec/gcc/x86_64-redhat-linux/9/liblto_plugin.so] ==> ignore
    arg [-plugin-opt=/usr/libexec/gcc/x86_64-redhat-linux/9/lto-wrapper] ==> ignore
    arg [-plugin-opt=-fresolution=/tmp/ccujRFOH.res] ==> ignore
    arg [-plugin-opt=-pass-through=-lgcc] ==> ignore
    arg [-plugin-opt=-pass-through=-lgcc_s] ==> ignore
    arg [-plugin-opt=-pass-through=-lc] ==> ignore
    arg [-plugin-opt=-pass-through=-lgcc] ==> ignore
    arg [-plugin-opt=-pass-through=-lgcc_s] ==> ignore
    arg [--build-id] ==> ignore
    arg [--no-add-needed] ==> ignore
    arg [--eh-frame-hdr] ==> ignore
    arg [--hash-style=gnu] ==> ignore
    arg [-m] ==> ignore
    arg [elf_x86_64] ==> ignore
    arg [-export-dynamic] ==> ignore
    arg [-dynamic-linker] ==> ignore
    arg [/lib64/ld-linux-x86-64.so.2] ==> ignore
    arg [-o] ==> ignore
    arg [cmTC_ed605] ==> ignore
    arg [/usr/lib/gcc/x86_64-redhat-linux/9/../../../../lib64/crt1.o] ==> ignore
    arg [/usr/lib/gcc/x86_64-redhat-linux/9/../../../../lib64/crti.o] ==> ignore
    arg [/usr/lib/gcc/x86_64-redhat-linux/9/crtbegin.o] ==> ignore
    arg [-L/usr/lib/gcc/x86_64-redhat-linux/9] ==> dir [/usr/lib/gcc/x86_64-redhat-linux/9]
    arg [-L/usr/lib/gcc/x86_64-redhat-linux/9/../../../../lib64] ==> dir [/usr/lib/gcc/x86_64-redhat-linux/9/../../../../lib64]
    arg [-L/lib/../lib64] ==> dir [/lib/../lib64]
    arg [-L/usr/lib/../lib64] ==> dir [/usr/lib/../lib64]
    arg [-L/usr/lib/gcc/x86_64-redhat-linux/9/../../..] ==> dir [/usr/lib/gcc/x86_64-redhat-linux/9/../../..]
    arg [CMakeFiles/cmTC_ed605.dir/CMakeCCompilerABI.c.o] ==> ignore
    arg [-lgcc] ==> lib [gcc]
    arg [--push-state] ==> ignore
    arg [--as-needed] ==> ignore
    arg [-lgcc_s] ==> lib [gcc_s]
    arg [--pop-state] ==> ignore
    arg [-lc] ==> lib [c]
    arg [-lgcc] ==> lib [gcc]
    arg [--push-state] ==> ignore
    arg [--as-needed] ==> ignore
    arg [-lgcc_s] ==> lib [gcc_s]
    arg [--pop-state] ==> ignore
    arg [/usr/lib/gcc/x86_64-redhat-linux/9/crtend.o] ==> ignore
    arg [/usr/lib/gcc/x86_64-redhat-linux/9/../../../../lib64/crtn.o] ==> ignore
  collapse library dir [/usr/lib/gcc/x86_64-redhat-linux/9] ==> [/usr/lib/gcc/x86_64-redhat-linux/9]
  collapse library dir [/usr/lib/gcc/x86_64-redhat-linux/9/../../../../lib64] ==> [/usr/lib64]
  collapse library dir [/lib/../lib64] ==> [/lib64]
  collapse library dir [/usr/lib/../lib64] ==> [/usr/lib64]
  collapse library dir [/usr/lib/gcc/x86_64-redhat-linux/9/../../..] ==> [/usr/lib]
  implicit libs: [gcc;gcc_s;c;gcc;gcc_s]
  implicit dirs: [/usr/lib/gcc/x86_64-redhat-linux/9;/usr/lib64;/lib64;/usr/lib]
  implicit fwks: []


Determining if the include file sys/types.h exists passed with the following output:
Change Dir: /home/ethan/Projects/f3d-img/libjpeg-turbo/build/CMakeFiles/CMakeTmp

Run Build Command(s):/usr/bin/gmake cmTC_36f8e/fast && /usr/bin/gmake  -f CMakeFiles/cmTC_36f8e.dir/build.make CMakeFiles/cmTC_36f8e.dir/build
gmake[1]: Entering directory '/home/ethan/Projects/f3d-img/libjpeg-turbo/build/CMakeFiles/CMakeTmp'
Building C object CMakeFiles/cmTC_36f8e.dir/CheckIncludeFile.c.o
/usr/bin/cc    -o CMakeFiles/cmTC_36f8e.dir/CheckIncludeFile.c.o   -c /home/ethan/Projects/f3d-img/libjpeg-turbo/build/CMakeFiles/CMakeTmp/CheckIncludeFile.c
Linking C executable cmTC_36f8e
/usr/bin/cmake -E cmake_link_script CMakeFiles/cmTC_36f8e.dir/link.txt --verbose=1
/usr/bin/cc      -rdynamic CMakeFiles/cmTC_36f8e.dir/CheckIncludeFile.c.o  -o cmTC_36f8e 
gmake[1]: Leaving directory '/home/ethan/Projects/f3d-img/libjpeg-turbo/build/CMakeFiles/CMakeTmp'



Determining if the include file stdint.h exists passed with the following output:
Change Dir: /home/ethan/Projects/f3d-img/libjpeg-turbo/build/CMakeFiles/CMakeTmp

Run Build Command(s):/usr/bin/gmake cmTC_b3333/fast && /usr/bin/gmake  -f CMakeFiles/cmTC_b3333.dir/build.make CMakeFiles/cmTC_b3333.dir/build
gmake[1]: Entering directory '/home/ethan/Projects/f3d-img/libjpeg-turbo/build/CMakeFiles/CMakeTmp'
Building C object CMakeFiles/cmTC_b3333.dir/CheckIncludeFile.c.o
/usr/bin/cc    -o CMakeFiles/cmTC_b3333.dir/CheckIncludeFile.c.o   -c /home/ethan/Projects/f3d-img/libjpeg-turbo/build/CMakeFiles/CMakeTmp/CheckIncludeFile.c
Linking C executable cmTC_b3333
/usr/bin/cmake -E cmake_link_script CMakeFiles/cmTC_b3333.dir/link.txt --verbose=1
/usr/bin/cc      -rdynamic CMakeFiles/cmTC_b3333.dir/CheckIncludeFile.c.o  -o cmTC_b3333 
gmake[1]: Leaving directory '/home/ethan/Projects/f3d-img/libjpeg-turbo/build/CMakeFiles/CMakeTmp'



Determining if the include file stddef.h exists passed with the following output:
Change Dir: /home/ethan/Projects/f3d-img/libjpeg-turbo/build/CMakeFiles/CMakeTmp

Run Build Command(s):/usr/bin/gmake cmTC_1c018/fast && /usr/bin/gmake  -f CMakeFiles/cmTC_1c018.dir/build.make CMakeFiles/cmTC_1c018.dir/build
gmake[1]: Entering directory '/home/ethan/Projects/f3d-img/libjpeg-turbo/build/CMakeFiles/CMakeTmp'
Building C object CMakeFiles/cmTC_1c018.dir/CheckIncludeFile.c.o
/usr/bin/cc    -o CMakeFiles/cmTC_1c018.dir/CheckIncludeFile.c.o   -c /home/ethan/Projects/f3d-img/libjpeg-turbo/build/CMakeFiles/CMakeTmp/CheckIncludeFile.c
Linking C executable cmTC_1c018
/usr/bin/cmake -E cmake_link_script CMakeFiles/cmTC_1c018.dir/link.txt --verbose=1
/usr/bin/cc      -rdynamic CMakeFiles/cmTC_1c018.dir/CheckIncludeFile.c.o  -o cmTC_1c018 
gmake[1]: Leaving directory '/home/ethan/Projects/f3d-img/libjpeg-turbo/build/CMakeFiles/CMakeTmp'



Determining size of size_t passed with the following output:
Change Dir: /home/ethan/Projects/f3d-img/libjpeg-turbo/build/CMakeFiles/CMakeTmp

Run Build Command(s):/usr/bin/gmake cmTC_bed45/fast && /usr/bin/gmake  -f CMakeFiles/cmTC_bed45.dir/build.make CMakeFiles/cmTC_bed45.dir/build
gmake[1]: Entering directory '/home/ethan/Projects/f3d-img/libjpeg-turbo/build/CMakeFiles/CMakeTmp'
Building C object CMakeFiles/cmTC_bed45.dir/SIZE_T.c.o
/usr/bin/cc    -o CMakeFiles/cmTC_bed45.dir/SIZE_T.c.o   -c /home/ethan/Projects/f3d-img/libjpeg-turbo/build/CMakeFiles/CheckTypeSize/SIZE_T.c
Linking C executable cmTC_bed45
/usr/bin/cmake -E cmake_link_script CMakeFiles/cmTC_bed45.dir/link.txt --verbose=1
/usr/bin/cc      -rdynamic CMakeFiles/cmTC_bed45.dir/SIZE_T.c.o  -o cmTC_bed45 
gmake[1]: Leaving directory '/home/ethan/Projects/f3d-img/libjpeg-turbo/build/CMakeFiles/CMakeTmp'



Determining size of unsigned long passed with the following output:
Change Dir: /home/ethan/Projects/f3d-img/libjpeg-turbo/build/CMakeFiles/CMakeTmp

Run Build Command(s):/usr/bin/gmake cmTC_32826/fast && /usr/bin/gmake  -f CMakeFiles/cmTC_32826.dir/build.make CMakeFiles/cmTC_32826.dir/build
gmake[1]: Entering directory '/home/ethan/Projects/f3d-img/libjpeg-turbo/build/CMakeFiles/CMakeTmp'
Building C object CMakeFiles/cmTC_32826.dir/UNSIGNED_LONG.c.o
/usr/bin/cc    -o CMakeFiles/cmTC_32826.dir/UNSIGNED_LONG.c.o   -c /home/ethan/Projects/f3d-img/libjpeg-turbo/build/CMakeFiles/CheckTypeSize/UNSIGNED_LONG.c
Linking C executable cmTC_32826
/usr/bin/cmake -E cmake_link_script CMakeFiles/cmTC_32826.dir/link.txt --verbose=1
/usr/bin/cc      -rdynamic CMakeFiles/cmTC_32826.dir/UNSIGNED_LONG.c.o  -o cmTC_32826 
gmake[1]: Leaving directory '/home/ethan/Projects/f3d-img/libjpeg-turbo/build/CMakeFiles/CMakeTmp'



Performing C SOURCE FILE Test HAVE_BUILTIN_CTZL succeeded with the following output:
Change Dir: /home/ethan/Projects/f3d-img/libjpeg-turbo/build/CMakeFiles/CMakeTmp

Run Build Command(s):/usr/bin/gmake cmTC_e9d93/fast && /usr/bin/gmake  -f CMakeFiles/cmTC_e9d93.dir/build.make CMakeFiles/cmTC_e9d93.dir/build
gmake[1]: Entering directory '/home/ethan/Projects/f3d-img/libjpeg-turbo/build/CMakeFiles/CMakeTmp'
Building C object CMakeFiles/cmTC_e9d93.dir/src.c.o
/usr/bin/cc   -DHAVE_BUILTIN_CTZL   -o CMakeFiles/cmTC_e9d93.dir/src.c.o   -c /home/ethan/Projects/f3d-img/libjpeg-turbo/build/CMakeFiles/CMakeTmp/src.c
Linking C executable cmTC_e9d93
/usr/bin/cmake -E cmake_link_script CMakeFiles/cmTC_e9d93.dir/link.txt --verbose=1
/usr/bin/cc  -DHAVE_BUILTIN_CTZL    -rdynamic CMakeFiles/cmTC_e9d93.dir/src.c.o  -o cmTC_e9d93 
gmake[1]: Leaving directory '/home/ethan/Projects/f3d-img/libjpeg-turbo/build/CMakeFiles/CMakeTmp'


Source file was:
int main(int argc, char **argv) { unsigned long a = argc;  return __builtin_ctzl(a); }
Determining if files locale.h exist passed with the following output:
Change Dir: /home/ethan/Projects/f3d-img/libjpeg-turbo/build/CMakeFiles/CMakeTmp

Run Build Command(s):/usr/bin/gmake cmTC_8fb8f/fast && /usr/bin/gmake  -f CMakeFiles/cmTC_8fb8f.dir/build.make CMakeFiles/cmTC_8fb8f.dir/build
gmake[1]: Entering directory '/home/ethan/Projects/f3d-img/libjpeg-turbo/build/CMakeFiles/CMakeTmp'
Building C object CMakeFiles/cmTC_8fb8f.dir/HAVE_LOCALE_H.c.o
/usr/bin/cc    -o CMakeFiles/cmTC_8fb8f.dir/HAVE_LOCALE_H.c.o   -c /home/ethan/Projects/f3d-img/libjpeg-turbo/build/CMakeFiles/CheckIncludeFiles/HAVE_LOCALE_H.c
Linking C executable cmTC_8fb8f
/usr/bin/cmake -E cmake_link_script CMakeFiles/cmTC_8fb8f.dir/link.txt --verbose=1
/usr/bin/cc      -rdynamic CMakeFiles/cmTC_8fb8f.dir/HAVE_LOCALE_H.c.o  -o cmTC_8fb8f 
gmake[1]: Leaving directory '/home/ethan/Projects/f3d-img/libjpeg-turbo/build/CMakeFiles/CMakeTmp'



Determining if files stdlib.h exist passed with the following output:
Change Dir: /home/ethan/Projects/f3d-img/libjpeg-turbo/build/CMakeFiles/CMakeTmp

Run Build Command(s):/usr/bin/gmake cmTC_2ee50/fast && /usr/bin/gmake  -f CMakeFiles/cmTC_2ee50.dir/build.make CMakeFiles/cmTC_2ee50.dir/build
gmake[1]: Entering directory '/home/ethan/Projects/f3d-img/libjpeg-turbo/build/CMakeFiles/CMakeTmp'
Building C object CMakeFiles/cmTC_2ee50.dir/HAVE_STDLIB_H.c.o
/usr/bin/cc    -o CMakeFiles/cmTC_2ee50.dir/HAVE_STDLIB_H.c.o   -c /home/ethan/Projects/f3d-img/libjpeg-turbo/build/CMakeFiles/CheckIncludeFiles/HAVE_STDLIB_H.c
Linking C executable cmTC_2ee50
/usr/bin/cmake -E cmake_link_script CMakeFiles/cmTC_2ee50.dir/link.txt --verbose=1
/usr/bin/cc      -rdynamic CMakeFiles/cmTC_2ee50.dir/HAVE_STDLIB_H.c.o  -o cmTC_2ee50 
gmake[1]: Leaving directory '/home/ethan/Projects/f3d-img/libjpeg-turbo/build/CMakeFiles/CMakeTmp'



Determining if files sys/types.h exist passed with the following output:
Change Dir: /home/ethan/Projects/f3d-img/libjpeg-turbo/build/CMakeFiles/CMakeTmp

Run Build Command(s):/usr/bin/gmake cmTC_34362/fast && /usr/bin/gmake  -f CMakeFiles/cmTC_34362.dir/build.make CMakeFiles/cmTC_34362.dir/build
gmake[1]: Entering directory '/home/ethan/Projects/f3d-img/libjpeg-turbo/build/CMakeFiles/CMakeTmp'
Building C object CMakeFiles/cmTC_34362.dir/NEED_SYS_TYPES_H.c.o
/usr/bin/cc    -o CMakeFiles/cmTC_34362.dir/NEED_SYS_TYPES_H.c.o   -c /home/ethan/Projects/f3d-img/libjpeg-turbo/build/CMakeFiles/CheckIncludeFiles/NEED_SYS_TYPES_H.c
Linking C executable cmTC_34362
/usr/bin/cmake -E cmake_link_script CMakeFiles/cmTC_34362.dir/link.txt --verbose=1
/usr/bin/cc      -rdynamic CMakeFiles/cmTC_34362.dir/NEED_SYS_TYPES_H.c.o  -o cmTC_34362 
gmake[1]: Leaving directory '/home/ethan/Projects/f3d-img/libjpeg-turbo/build/CMakeFiles/CMakeTmp'



Determining if the memset exist passed with the following output:
Change Dir: /home/ethan/Projects/f3d-img/libjpeg-turbo/build/CMakeFiles/CMakeTmp

Run Build Command(s):/usr/bin/gmake cmTC_e9213/fast && /usr/bin/gmake  -f CMakeFiles/cmTC_e9213.dir/build.make CMakeFiles/cmTC_e9213.dir/build
gmake[1]: Entering directory '/home/ethan/Projects/f3d-img/libjpeg-turbo/build/CMakeFiles/CMakeTmp'
Building C object CMakeFiles/cmTC_e9213.dir/CheckSymbolExists.c.o
/usr/bin/cc    -o CMakeFiles/cmTC_e9213.dir/CheckSymbolExists.c.o   -c /home/ethan/Projects/f3d-img/libjpeg-turbo/build/CMakeFiles/CMakeTmp/CheckSymbolExists.c
Linking C executable cmTC_e9213
/usr/bin/cmake -E cmake_link_script CMakeFiles/cmTC_e9213.dir/link.txt --verbose=1
/usr/bin/cc      -rdynamic CMakeFiles/cmTC_e9213.dir/CheckSymbolExists.c.o  -o cmTC_e9213 
gmake[1]: Leaving directory '/home/ethan/Projects/f3d-img/libjpeg-turbo/build/CMakeFiles/CMakeTmp'


File /home/ethan/Projects/f3d-img/libjpeg-turbo/build/CMakeFiles/CMakeTmp/CheckSymbolExists.c:
/* */
#include <string.h>

int main(int argc, char** argv)
{
  (void)argv;
#ifndef memset
  return ((int*)(&memset))[argc];
#else
  (void)argc;
  return 0;
#endif
}
Determining if the memcpy exist passed with the following output:
Change Dir: /home/ethan/Projects/f3d-img/libjpeg-turbo/build/CMakeFiles/CMakeTmp

Run Build Command(s):/usr/bin/gmake cmTC_d98e0/fast && /usr/bin/gmake  -f CMakeFiles/cmTC_d98e0.dir/build.make CMakeFiles/cmTC_d98e0.dir/build
gmake[1]: Entering directory '/home/ethan/Projects/f3d-img/libjpeg-turbo/build/CMakeFiles/CMakeTmp'
Building C object CMakeFiles/cmTC_d98e0.dir/CheckSymbolExists.c.o
/usr/bin/cc    -o CMakeFiles/cmTC_d98e0.dir/CheckSymbolExists.c.o   -c /home/ethan/Projects/f3d-img/libjpeg-turbo/build/CMakeFiles/CMakeTmp/CheckSymbolExists.c
Linking C executable cmTC_d98e0
/usr/bin/cmake -E cmake_link_script CMakeFiles/cmTC_d98e0.dir/link.txt --verbose=1
/usr/bin/cc      -rdynamic CMakeFiles/cmTC_d98e0.dir/CheckSymbolExists.c.o  -o cmTC_d98e0 
gmake[1]: Leaving directory '/home/ethan/Projects/f3d-img/libjpeg-turbo/build/CMakeFiles/CMakeTmp'


File /home/ethan/Projects/f3d-img/libjpeg-turbo/build/CMakeFiles/CMakeTmp/CheckSymbolExists.c:
/* */
#include <string.h>

int main(int argc, char** argv)
{
  (void)argv;
#ifndef memcpy
  return ((int*)(&memcpy))[argc];
#else
  (void)argc;
  return 0;
#endif
}
Determining size of unsigned char passed with the following output:
Change Dir: /home/ethan/Projects/f3d-img/libjpeg-turbo/build/CMakeFiles/CMakeTmp

Run Build Command(s):/usr/bin/gmake cmTC_7a17f/fast && /usr/bin/gmake  -f CMakeFiles/cmTC_7a17f.dir/build.make CMakeFiles/cmTC_7a17f.dir/build
gmake[1]: Entering directory '/home/ethan/Projects/f3d-img/libjpeg-turbo/build/CMakeFiles/CMakeTmp'
Building C object CMakeFiles/cmTC_7a17f.dir/UNSIGNED_CHAR.c.o
/usr/bin/cc    -o CMakeFiles/cmTC_7a17f.dir/UNSIGNED_CHAR.c.o   -c /home/ethan/Projects/f3d-img/libjpeg-turbo/build/CMakeFiles/CheckTypeSize/UNSIGNED_CHAR.c
Linking C executable cmTC_7a17f
/usr/bin/cmake -E cmake_link_script CMakeFiles/cmTC_7a17f.dir/link.txt --verbose=1
/usr/bin/cc      -rdynamic CMakeFiles/cmTC_7a17f.dir/UNSIGNED_CHAR.c.o  -o cmTC_7a17f 
gmake[1]: Leaving directory '/home/ethan/Projects/f3d-img/libjpeg-turbo/build/CMakeFiles/CMakeTmp'



Determining size of unsigned short passed with the following output:
Change Dir: /home/ethan/Projects/f3d-img/libjpeg-turbo/build/CMakeFiles/CMakeTmp

Run Build Command(s):/usr/bin/gmake cmTC_f2850/fast && /usr/bin/gmake  -f CMakeFiles/cmTC_f2850.dir/build.make CMakeFiles/cmTC_f2850.dir/build
gmake[1]: Entering directory '/home/ethan/Projects/f3d-img/libjpeg-turbo/build/CMakeFiles/CMakeTmp'
Building C object CMakeFiles/cmTC_f2850.dir/UNSIGNED_SHORT.c.o
/usr/bin/cc    -o CMakeFiles/cmTC_f2850.dir/UNSIGNED_SHORT.c.o   -c /home/ethan/Projects/f3d-img/libjpeg-turbo/build/CMakeFiles/CheckTypeSize/UNSIGNED_SHORT.c
Linking C executable cmTC_f2850
/usr/bin/cmake -E cmake_link_script CMakeFiles/cmTC_f2850.dir/link.txt --verbose=1
/usr/bin/cc      -rdynamic CMakeFiles/cmTC_f2850.dir/UNSIGNED_SHORT.c.o  -o cmTC_f2850 
gmake[1]: Leaving directory '/home/ethan/Projects/f3d-img/libjpeg-turbo/build/CMakeFiles/CMakeTmp'



Performing C SOURCE FILE Test INCOMPLETE_TYPES succeeded with the following output:
Change Dir: /home/ethan/Projects/f3d-img/libjpeg-turbo/build/CMakeFiles/CMakeTmp

Run Build Command(s):/usr/bin/gmake cmTC_012b0/fast && /usr/bin/gmake  -f CMakeFiles/cmTC_012b0.dir/build.make CMakeFiles/cmTC_012b0.dir/build
gmake[1]: Entering directory '/home/ethan/Projects/f3d-img/libjpeg-turbo/build/CMakeFiles/CMakeTmp'
Building C object CMakeFiles/cmTC_012b0.dir/src.c.o
/usr/bin/cc   -DINCOMPLETE_TYPES   -o CMakeFiles/cmTC_012b0.dir/src.c.o   -c /home/ethan/Projects/f3d-img/libjpeg-turbo/build/CMakeFiles/CMakeTmp/src.c
Linking C executable cmTC_012b0
/usr/bin/cmake -E cmake_link_script CMakeFiles/cmTC_012b0.dir/link.txt --verbose=1
/usr/bin/cc  -DINCOMPLETE_TYPES    -rdynamic CMakeFiles/cmTC_012b0.dir/src.c.o  -o cmTC_012b0 
gmake[1]: Leaving directory '/home/ethan/Projects/f3d-img/libjpeg-turbo/build/CMakeFiles/CMakeTmp'


Source file was:
int main(void) { typedef struct undefined_structure *undef_struct_ptr;  undef_struct_ptr ptr = 0;  return ptr != 0; }
Performing C SOURCE FILE Test INLINE_WORKS succeeded with the following output:
Change Dir: /home/ethan/Projects/f3d-img/libjpeg-turbo/build/CMakeFiles/CMakeTmp

Run Build Command(s):/usr/bin/gmake cmTC_ae9bc/fast && /usr/bin/gmake  -f CMakeFiles/cmTC_ae9bc.dir/build.make CMakeFiles/cmTC_ae9bc.dir/build
gmake[1]: Entering directory '/home/ethan/Projects/f3d-img/libjpeg-turbo/build/CMakeFiles/CMakeTmp'
Building C object CMakeFiles/cmTC_ae9bc.dir/src.c.o
/usr/bin/cc   -DINLINE_WORKS   -o CMakeFiles/cmTC_ae9bc.dir/src.c.o   -c /home/ethan/Projects/f3d-img/libjpeg-turbo/build/CMakeFiles/CMakeTmp/src.c
Linking C executable cmTC_ae9bc
/usr/bin/cmake -E cmake_link_script CMakeFiles/cmTC_ae9bc.dir/link.txt --verbose=1
/usr/bin/cc  -DINLINE_WORKS    -rdynamic CMakeFiles/cmTC_ae9bc.dir/src.c.o  -o cmTC_ae9bc 
gmake[1]: Leaving directory '/home/ethan/Projects/f3d-img/libjpeg-turbo/build/CMakeFiles/CMakeTmp'


Source file was:
__inline__ __attribute__((always_inline)) static int foo(void) { return 0; } int main(void) { return foo(); }
Performing C SOURCE FILE Test HAVE_VERSION_SCRIPT succeeded with the following output:
Change Dir: /home/ethan/Projects/f3d-img/libjpeg-turbo/build/CMakeFiles/CMakeTmp

Run Build Command(s):/usr/bin/gmake cmTC_10b26/fast && /usr/bin/gmake  -f CMakeFiles/cmTC_10b26.dir/build.make CMakeFiles/cmTC_10b26.dir/build
gmake[1]: Entering directory '/home/ethan/Projects/f3d-img/libjpeg-turbo/build/CMakeFiles/CMakeTmp'
Building C object CMakeFiles/cmTC_10b26.dir/src.c.o
/usr/bin/cc   -DHAVE_VERSION_SCRIPT -Wl,--version-script,/home/ethan/Projects/f3d-img/libjpeg-turbo/build/conftest.map   -o CMakeFiles/cmTC_10b26.dir/src.c.o   -c /home/ethan/Projects/f3d-img/libjpeg-turbo/build/CMakeFiles/CMakeTmp/src.c
Linking C executable cmTC_10b26
/usr/bin/cmake -E cmake_link_script CMakeFiles/cmTC_10b26.dir/link.txt --verbose=1
/usr/bin/cc  -DHAVE_VERSION_SCRIPT -Wl,--version-script,/home/ethan/Projects/f3d-img/libjpeg-turbo/build/conftest.map    -rdynamic CMakeFiles/cmTC_10b26.dir/src.c.o  -o cmTC_10b26 
gmake[1]: Leaving directory '/home/ethan/Projects/f3d-img/libjpeg-turbo/build/CMakeFiles/CMakeTmp'


Source file was:
int main(void) { return 0; }
